{"message":"::1 - - [26/Jun/2020:18:30:50 +0000] \"POST /pessoa HTTP/1.1\" 500 221\n","level":"info"}
{"message":"::1 - - [26/Jun/2020:18:31:17 +0000] \"POST /pessoa HTTP/1.1\" 201 58\n","level":"info"}
{"message":"::1 - - [26/Jun/2020:18:32:51 +0000] \"POST /pessoa HTTP/1.1\" 201 57\n","level":"info"}
{"message":"::1 - - [26/Jun/2020:18:34:21 +0000] \"GET /pessoa/11122233344 HTTP/1.1\" 200 59\n","level":"info"}
{"message":"::1 - - [26/Jun/2020:18:34:40 +0000] \"GET /pessoa/32145678980 HTTP/1.1\" 200 60\n","level":"info"}
{"message":"::1 - - [26/Jun/2020:18:35:53 +0000] \"GET /pessoa/32145678980/Pedro HTTP/1.1\" 404 163\n","level":"info"}
{"message":"::1 - - [26/Jun/2020:18:36:08 +0000] \"PUT /pessoa/32145678980/Pedro HTTP/1.1\" 404 163\n","level":"info"}
{"message":"::1 - - [26/Jun/2020:18:41:17 +0000] \"PATCH /pessoa/32145678980 HTTP/1.1\" 200 36\n","level":"info"}
{"message":"::1 - - [26/Jun/2020:18:43:36 +0000] \"POST /pessoa HTTP/1.1\" 201 60\n","level":"info"}
{"message":"::1 - - [26/Jun/2020:18:44:31 +0000] \"DELETE /pessoa/77789823144 HTTP/1.1\" 202 11\n","level":"info"}
{"message":"::1 - - [26/Jun/2020:18:44:50 +0000] \"POST /pessoa HTTP/1.1\" 201 60\n","level":"info"}
{"message":"::1 - - [26/Jun/2020:18:46:09 +0000] \"GET /pessoas HTTP/1.1\" 200 181\n","level":"info"}
{"message":"::1 - - [26/Jun/2020:18:46:28 +0000] \"GET /pessoa/77789823144 HTTP/1.1\" 200 62\n","level":"info"}
{"message":"::1 - - [26/Jun/2020:18:46:34 +0000] \"GET /pessoas HTTP/1.1\" 200 181\n","level":"info"}
{"message":"::1 - - [26/Jun/2020:20:17:23 +0000] \"GET /pessoas HTTP/1.1\" 500 75\n","level":"info"}
{"message":"::1 - - [26/Jun/2020:20:17:33 +0000] \"GET /pessoas HTTP/1.1\" - -\n","level":"info"}
{"message":"::1 - - [26/Jun/2020:20:17:46 +0000] \"GET /pessoa/77789823144 HTTP/1.1\" 500 59\n","level":"info"}
{"message":"::1 - - [26/Jun/2020:20:17:52 +0000] \"GET /pessoa/77789823144 HTTP/1.1\" 500 59\n","level":"info"}
{"message":"::1 - - [26/Jun/2020:21:00:17 +0000] \"GET /pessoas HTTP/1.1\" 500 59\n","level":"info"}
{"message":"::1 - - [26/Jun/2020:21:00:52 +0000] \"GET /pessoas HTTP/1.1\" 200 181\n","level":"info"}
{"message":"::1 - - [27/Jun/2020:23:51:30 +0000] \"POST /pessoa HTTP/1.1\" 201 84\n","level":"info"}
{"message":"::1 - - [27/Jun/2020:23:53:51 +0000] \"POST /pessoa HTTP/1.1\" 201 84\n","level":"info"}
{"message":"::1 - - [27/Jun/2020:23:55:29 +0000] \"POST /pessoa HTTP/1.1\" 201 84\n","level":"info"}
{"message":"::1 - - [27/Jun/2020:23:56:13 +0000] \"POST /pessoa HTTP/1.1\" 201 84\n","level":"info"}
{"message":"::1 - - [27/Jun/2020:23:58:14 +0000] \"POST /pessoa HTTP/1.1\" 201 131\n","level":"info"}
{"message":"::1 - - [27/Jun/2020:23:59:42 +0000] \"POST /pessoa HTTP/1.1\" 201 131\n","level":"info"}
{"message":"::1 - - [28/Jun/2020:00:00:45 +0000] \"POST /pessoa HTTP/1.1\" 201 131\n","level":"info"}
{"message":"::1 - - [28/Jun/2020:00:35:32 +0000] \"POST /login HTTP/1.1\" 401 36\n","level":"info"}
{"message":"::1 - - [28/Jun/2020:00:39:04 +0000] \"POST /login HTTP/1.1\" - -\n","level":"info"}
{"message":"::1 - - [28/Jun/2020:00:39:27 +0000] \"POST /login HTTP/1.1\" 401 36\n","level":"info"}
{"message":"::1 - - [28/Jun/2020:00:39:54 +0000] \"POST /login HTTP/1.1\" 401 36\n","level":"info"}
{"message":"::1 - - [28/Jun/2020:00:40:18 +0000] \"POST /login HTTP/1.1\" 401 36\n","level":"info"}
{"message":"::1 - - [28/Jun/2020:00:41:07 +0000] \"POST /login HTTP/1.1\" 401 36\n","level":"info"}
{"message":"::ffff:127.0.0.1 - - [28/Jun/2020:00:41:33 +0000] \"POST /login HTTP/1.1\" 401 36\n","level":"info"}
{"message":"::1 - - [28/Jun/2020:00:41:49 +0000] \"POST /login HTTP/1.1\" 401 36\n","level":"info"}
{"message":"::ffff:127.0.0.1 - - [28/Jun/2020:00:43:15 +0000] \"POST /login HTTP/1.1\" - -\n","level":"info"}
{"message":"::1 - - [28/Jun/2020:00:43:36 +0000] \"POST /login HTTP/1.1\" - -\n","level":"info"}
{"message":"::1 - - [28/Jun/2020:00:44:53 +0000] \"POST /login HTTP/1.1\" 200 26\n","level":"info"}
{"message":"::1 - - [28/Jun/2020:00:58:13 +0000] \"POST /login HTTP/1.1\" 200 212\n","level":"info"}
{"message":"::1 - - [28/Jun/2020:01:47:40 +0000] \"GET /pessoas HTTP/1.1\" - -\n","level":"info"}
{"message":"::1 - - [28/Jun/2020:02:45:46 +0000] \"GET /pessoas HTTP/1.1\" 500 1284\n","level":"info"}
{"message":"::1 - - [28/Jun/2020:02:47:06 +0000] \"GET /pessoas HTTP/1.1\" 401 36\n","level":"info"}
{"message":"::1 - - [28/Jun/2020:02:47:35 +0000] \"GET /login HTTP/1.1\" 404 144\n","level":"info"}
{"message":"::1 - - [28/Jun/2020:02:47:47 +0000] \"GET /login HTTP/1.1\" 404 144\n","level":"info"}
{"message":"::1 - - [28/Jun/2020:02:47:50 +0000] \"GET /login HTTP/1.1\" 404 144\n","level":"info"}
{"message":"::1 - - [28/Jun/2020:02:48:37 +0000] \"POST /login HTTP/1.1\" 200 212\n","level":"info"}
{"message":"::1 - - [28/Jun/2020:02:49:00 +0000] \"GET /pessoas HTTP/1.1\" 200 292\n","level":"info"}
{"message":"::1 - - [28/Jun/2020:02:49:10 +0000] \"GET /pessoas HTTP/1.1\" 401 36\n","level":"info"}
{"message":"::1 - - [28/Jun/2020:02:49:17 +0000] \"GET /pessoas HTTP/1.1\" 200 292\n","level":"info"}
{"message":"::1 - - [28/Jun/2020:15:30:07 +0000] \"POST /login HTTP/1.1\" 200 212\n","level":"info"}
{"message":"::1 - - [28/Jun/2020:15:31:25 +0000] \"POST /login HTTP/1.1\" 200 213\n","level":"info"}
{"message":"::1 - - [28/Jun/2020:15:32:08 +0000] \"GET /pessoas HTTP/1.1\" 401 36\n","level":"info"}
{"message":"::1 - - [28/Jun/2020:15:32:23 +0000] \"GET /pessoas HTTP/1.1\" 200 292\n","level":"info"}
{"message":"::1 - - [28/Jun/2020:15:32:46 +0000] \"GET /pessoas HTTP/1.1\" 401 36\n","level":"info"}
{"message":"::1 - - [28/Jun/2020:15:32:51 +0000] \"GET /pessoas HTTP/1.1\" 200 292\n","level":"info"}
{"message":"::1 - - [28/Jun/2020:17:25:02 +0000] \"GET /pessoas HTTP/1.1\" 401 36\n","level":"info"}
{"message":"::1 - - [28/Jun/2020:17:25:02 +0000] \"GET /favicon.ico HTTP/1.1\" 404 150\n","level":"info"}
